"../../../Engine/Content/Functions/Engine_MaterialFunctions01/Opacity/CameraDepthFade.uasset" 0
"../../../Engine/Content/EngineMaterials/T_Default_Material_Grid_M.uasset" 1
"../../../Engine/Content/EngineMaterials/T_Default_Material_Grid_N.uasset" 2
"../../../Engine/Content/EngineMaterials/DefaultMaterial.uasset" 3
"../../../Engine/Content/BasicShapes/Cone.uasset" 4
"../../../Engine/Content/BasicShapes/Cylinder.uasset" 5
"../../../Engine/Content/BasicShapes/Sphere.uasset" 6
"../../../Engine/Content/EditorLandscapeResources/DataLayer.uasset" 7
"../../../Engine/Content/EditorMaterials/GizmoMaterial.uasset" 8
"../../../Engine/Content/EditorMaterials/MAT_Groups_Toggle.uasset" 9
"../../../Engine/Content/EditorMaterials/MAT_Groups_Visibility.uasset" 10
"../../../Engine/Content/EditorMaterials/PreviewShadowIndicator.uasset" 11
"../../../Engine/Content/EditorMaterials/PreviewShadowIndicatorMaterial.uasset" 12
"../../../Engine/Content/EditorMaterials/AssetViewer/EpicQuadPanorama_CC+EV1.uasset" 13
"../../../Engine/Content/EditorMaterials/MatineeGroups/MAT_ColorTrack.uasset" 14
"../../../Engine/Content/EditorMaterials/MatineeGroups/MAT_Groups_Anim.uasset" 15
"../../../Engine/Content/EditorMaterials/MatineeGroups/MAT_Groups_AudioMaster.uasset" 16
"../../../Engine/Content/EditorMaterials/MatineeGroups/MAT_Groups_Director.uasset" 17
"../../../Engine/Content/EditorMaterials/MatineeGroups/MAT_Groups_Event.uasset" 18
"../../../Engine/Content/EditorMaterials/MatineeGroups/MAT_Groups_Fade.uasset" 19
"../../../Engine/Content/EditorMaterials/MatineeGroups/MAT_Groups_Float.uasset" 20
"../../../Engine/Content/EditorMaterials/MatineeGroups/MAT_Groups_Move.uasset" 21
"../../../Engine/Content/EditorMaterials/MatineeGroups/MAT_Groups_Slomo.uasset" 22
"../../../Engine/Content/EditorMaterials/MatineeGroups/MAT_Groups_Sound.uasset" 23
"../../../Engine/Content/EditorMaterials/MatineeGroups/MAT_Groups_Vector.uasset" 24
"../../../Engine/Content/EditorMaterials/ParticleSystems/PSysThumbnail_NoImage.uasset" 25
"../../../Engine/Content/EditorMaterials/ParticleSystems/PSysThumbnail_OOD.uasset" 26
"../../../Engine/Content/EditorMaterials/Camera/CineMat.uasset" 27
"../../../Engine/Content/EditorMaterials/Camera/MI_CineMat_Rig.uasset" 28
"../../../Engine/Content/EditorMeshes/Camera/SM_CraneRig_Arm.uasset" 29
"../../../Engine/Content/EditorMeshes/Camera/SM_CraneRig_Base.uasset" 30
"../../../Engine/Content/EditorMeshes/Camera/SM_CraneRig_Body.uasset" 31
"../../../Engine/Content/EditorMeshes/Camera/SM_CraneRig_Mount.uasset" 32
"../../../Engine/Content/EditorMeshes/Camera/SM_RailRig_Mount.uasset" 33
"../../../Engine/Content/EditorMeshes/Camera/SM_RailRig_Track.uasset" 34
"../../../Engine/Content/EditorResources/BSPVertex.uasset" 35
"../../../Engine/Content/EditorResources/EmptyActor.uasset" 36
"../../../Engine/Content/EditorResources/RGBTable16x1_AssetViewer.uasset" 37
"../../../Engine/Content/EditorResources/S_Actor.uasset" 38
"../../../Engine/Content/EditorResources/S_Trigger.uasset" 39
"../../../Engine/Content/EditorResources/LightIcons/S_LightError.uasset" 40
"../../../Engine/Content/EditorResources/SequenceRecorder/Countdown.uasset" 41
"../../../Engine/Content/EditorResources/SequenceRecorder/RecordingIndicator.uasset" 42
"../../../Engine/Content/EditorSounds/Notifications/CompileFailed.uasset" 43
"../../../Engine/Content/EditorSounds/Notifications/CompileFailed_Cue.uasset" 44
"../../../Engine/Content/EditorSounds/Notifications/CompileSuccess.uasset" 45
"../../../Engine/Content/EditorSounds/Notifications/CompileStart_Cue.uasset" 46
"../../../Engine/Content/EditorSounds/Notifications/CompileSuccess_Cue.uasset" 47
"../../../Engine/Content/EngineDamageTypes/DmgTypeBP_Environmental.uasset" 48
"../../../Engine/Content/EngineDebugMaterials/HeatmapGradient.uasset" 49
"../../../Engine/Content/EngineDebugMaterials/BoneWeightMaterial.uasset" 50
"../../../Engine/Content/EngineDebugMaterials/DebugMeshMaterial.uasset" 51
"../../../Engine/Content/EngineDebugMaterials/GeomMaterial.uasset" 52
"../../../Engine/Content/EngineFonts/Roboto.uasset" 53
"../../../Engine/Content/EngineFonts/RobotoTiny.uasset" 54
"../../../Engine/Content/EngineMaterials/DefaultBokeh.uasset" 55
"../../../Engine/Content/EngineMaterials/DefaultDiffuse.uasset" 56
"../../../Engine/Content/EngineMaterials/DefaultDeferredDecalMaterial.uasset" 57
"../../../Engine/Content/EngineMaterials/DefaultLightFunctionMaterial.uasset" 58
"../../../Engine/Content/Functions/Engine_MaterialFunctions02/Utility/BreakOutFloat2Components.uasset" 59
"../../../Engine/Content/EngineMaterials/DefaultPostProcessMaterial.uasset" 60
"../../../Engine/Content/EngineFonts/RobotoDistanceField.uasset" 61
"../../../Engine/Content/EngineMaterials/DefaultTextMaterialOpaque.uasset" 62
"../../../Engine/Content/EngineMaterials/DefaultWhiteGrid.uasset" 63
"../../../Engine/Content/EngineMaterials/EditorBrushMaterial.uasset" 64
"../../../Engine/Content/EngineMaterials/Good64x64TilingNoiseHighFreq.uasset" 65
"../../../Engine/Content/EngineMaterials/MiniFont.uasset" 66
"../../../Engine/Content/EngineMaterials/InvalidLightmapSettings.uasset" 67
"../../../Engine/Content/EngineMaterials/M_InvalidLightmapSettings.uasset" 68
"../../../Engine/Content/EngineMaterials/PhAT_JointLimitMaterial.uasset" 69
"../../../Engine/Content/EngineMaterials/PreintegratedSkinBRDF.uasset" 70
"../../../Engine/Content/EngineMaterials/RemoveSurfaceMaterial.uasset" 71
"../../../Engine/Content/EngineMaterials/WeightMapPlaceholderTexture.uasset" 72
"../../../Engine/Content/EngineResources/WhiteSquareTexture.uasset" 73
"../../../Engine/Content/EngineMaterials/Widget3DPassThrough.uasset" 74
"../../../Engine/Content/EngineMaterials/Widget3DPassThrough_Masked.uasset" 75
"../../../Engine/Content/EngineMaterials/Widget3DPassThrough_Opaque.uasset" 76
"../../../Engine/Content/EngineMaterials/Widget3DPassThrough_Masked_OneSided.uasset" 77
"../../../Engine/Content/EngineMaterials/Widget3DPassThrough_Opaque_OneSided.uasset" 78
"../../../Engine/Content/EngineMaterials/Widget3DPassThrough_Translucent.uasset" 79
"../../../Engine/Content/EngineMaterials/Widget3DPassThrough_Translucent_OneSided.uasset" 80
"../../../Engine/Content/EngineMeshes/Cube.uasset" 81
"../../../Engine/Content/EngineMeshes/Cylinder.uasset" 82
"../../../Engine/Content/EngineMeshes/Sphere.uasset" 83
"../../../Engine/Content/EngineResources/AICON-Green.uasset" 84
"../../../Engine/Content/EngineResources/AICON-Red.uasset" 85
"../../../Engine/Content/EngineResources/Black.uasset" 86
"../../../Engine/Content/EngineResources/DefaultTexture.uasset" 87
"../../../Engine/Content/EngineResources/DefaultTextureCube.uasset" 88
"../../../Engine/Content/EngineResources/GradientTexture0.uasset" 89
"../../../Engine/Content/EngineSounds/Master.uasset" 90
"../../../Engine/Content/EngineSounds/MasterSubmix.uasset" 91
"../../../Engine/Content/EngineTireTypes/DefaultTireType.uasset" 92
"../../../Engine/Content/Functions/Engine_MaterialFunctions01/Shading/ConvertFromDiffSpec.uasset" 93
"../../../Engine/Content/Functions/Engine_MaterialFunctions01/Shading/PowerToRoughness.uasset" 94
"../../../Engine/Content/Maps/Templates/Thumbnails/Default.uasset" 95
"../../../Engine/Content/Maps/Templates/Thumbnails/VR-Basic.uasset" 96
"../../../Engine/Content/MobileResources/T_MobileControls_texture.uasset" 97
"../../../Engine/Content/MobileResources/T_MobileMenu2.uasset" 98
"../../../Engine/Content/MobileResources/HUD/AnalogHat.uasset" 99
"../../../Engine/Content/MobileResources/HUD/VirtualJoystick_Background.uasset" 100
"../../../Engine/Content/MobileResources/HUD/VirtualJoystick_Thumb.uasset" 101
"../../../Engine/Content/MobileResources/HUD/DefaultVirtualJoysticks.uasset" 102
"../../../Engine/Content/MobileResources/HUD/LeftVirtualJoystickOnly.uasset" 103
"../../../Engine/Content/MobileResources/HUD/MobileHUDButton1_off.uasset" 104
"../../../Engine/Content/MobileResources/HUD/MobileHUDButton1_on.uasset" 105
"../../../Engine/Content/MobileResources/HUD/MobileHUDButton2_off.uasset" 106
"../../../Engine/Content/MobileResources/HUD/MobileHUDButton2_on.uasset" 107
"../../../Engine/Content/MobileResources/HUD/MobileHUDButton3.uasset" 108
"../../../Engine/Content/MobileResources/HUD/MobileHUDButtonFire.uasset" 109
"../../../Engine/Content/MobileResources/HUD/MobileHUDDirectionPad.uasset" 110
"../../../Engine/Content/MobileResources/HUD/MobileHUDDirectionPad2.uasset" 111
"../../../Engine/Content/MobileResources/HUD/MobileHUDDirectionPad3.uasset" 112
"../../../Engine/Content/MobileResources/HUD/MobileHUDDirectionStick.uasset" 113
"../../../Engine/Content/MobileResources/HUD/T_Castle_ThumbstickInner.uasset" 114
"../../../Engine/Content/MobileResources/HUD/T_Castle_ThumbstickOutter.uasset" 115
"../../../Engine/Content/Tutorial/ContentIntroCurve.uasset" 116
"../../../Engine/Content/Tutorial/Basics/TutorialAssets/icon_tab_Levels_40x.uasset" 117
"../../../Engine/Content/Tutorial/BlueprintTutorials/TutorialAssets/BlueprintInterface_64x.uasset" 118
"../../../Engine/Content/Tutorial/BlueprintTutorials/TutorialAssets/BlueprintMacroLibrary_64x.uasset" 119
"../../../Engine/Content/Tutorial/BlueprintTutorials/TutorialAssets/Blueprint_64x.uasset" 120
"../../../Engine/Content/Tutorial/BlueprintTutorials/TutorialAssets/Tutorial_BP_Interface.uasset" 121
"../../../Engine/Content/Tutorial/Foliage/TutorialAssets/Foliage.uasset" 122
"../../../Engine/Content/Tutorial/Landscape/TutorialAssets/Landscape.uasset" 123
"../../../Engine/Content/Tutorial/Paper2D/TutorialAssets/Paper2DFlipbook_TutorialIcon.uasset" 124
"../../../Engine/Content/Tutorial/Paper2D/TutorialAssets/Paper2DSprite_TutorialIcon.uasset" 125
"../../../Engine/Content/Tutorial/SubEditors/TutorialAssets/icon_Editor_Preferences_General_40x.uasset" 126
"../../../Engine/Content/Tutorial/SubEditors/TutorialAssets/icon_ShowSkeletalMeshes_40x.uasset" 127
"../../../Engine/Content/Tutorial/SubEditors/TutorialAssets/TutorialMaterial.uasset" 128
"../../../Engine/Content/Tutorial/SubEditors/TutorialAssets/T_SmokeSubUV_8X8.uasset" 129
"../../../Engine/Content/Tutorial/SubEditors/TutorialAssets/T_soft_smoke.uasset" 130
"../../../Engine/Content/Tutorial/SubEditors/TutorialAssets/M_smoke_subUV_blackbody.uasset" 131
"../../../Engine/Content/Tutorial/SubEditors/TutorialAssets/TutorialParticleSystem.uasset" 132
"../../../Engine/Content/EngineMaterials/WorldGridMaterial.uasset" 133
"../../../Engine/Content/EditorMeshes/EditorCube.uasset" 134
"../../../Engine/Content/Tutorial/SubEditors/TutorialAssets/Tutorial_DM.uasset" 135
"../../../Engine/Content/VREditor/Devices/Generic/GenericHMDMaterial.uasset" 136
"../../../Engine/Content/VREditor/Devices/Generic/GenericHMD.uasset" 137
"../../../Engine/Content/VREditor/FloatingText/LineMaterial.uasset" 138
"../../../Engine/Content/VREditor/FloatingText/JointSphere.uasset" 139
"../../../Engine/Content/VREditor/FloatingText/LineSegmentCylinder.uasset" 140
"../../../Engine/Content/VREditor/Fonts/VRText_RobotoLarge.uasset" 141
"../../../Engine/Content/VREditor/Fonts/VRTextMaterial.uasset" 142
"../../../Engine/Content/VREditor/Fonts/TranslucentVRTextMaterial.uasset" 143
"../../../Engine/Content/VREditor/LaserPointer/VR_LaserPower_01.uasset" 144
"../../../Engine/Content/VREditor/LaserPointer/LaserPointerMaterial.uasset" 145
"../../../Engine/Content/VREditor/LaserPointer/LaserPointerMaterialInst.uasset" 146
"../../../Engine/Content/VREditor/LaserPointer/TranslucentLaserPointerMaterialInst.uasset" 147
"../../../Engine/Content/VREditor/LaserPointer/LaserPointerMesh.uasset" 148
"../../../Engine/Content/VREditor/Sounds/VR_grab_Cue.uasset" 149
"../../../Engine/Content/VREditor/Sounds/VR_teleport_Cue.uasset" 150
"../../../Engine/Content/VREditor/TransformGizmo/TransformGizmoMaterial.uasset" 151
"../../../Engine/Content/VREditor/TransformGizmo/TranslucentTransformGizmoMaterial.uasset" 152
"../../../Engine/Content/VREditor/TransformGizmo/BoundingBoxCorner.uasset" 153
"../../../Engine/Content/VREditor/TransformGizmo/BoundingBoxEdge.uasset" 154
"../../../Engine/Content/VREditor/TransformGizmo/PlaneTranslationHandle.uasset" 155
"../../../Engine/Content/VREditor/TransformGizmo/RotationHandle.uasset" 156
"../../../Engine/Content/VREditor/TransformGizmo/RotationHandleFull.uasset" 157
"../../../Engine/Content/VREditor/TransformGizmo/StretchingHandle.uasset" 158
"../../../Engine/Content/VREditor/TransformGizmo/TranslateHandleLong.uasset" 159
"../../../Engine/Content/VREditor/TransformGizmo/TranslationHandle.uasset" 160
"../../../Engine/Content/VREditor/TransformGizmo/UniformScaleHandle.uasset" 161
"../../../Engine/Content/VREditor/UI/CloseButtonMesh.uasset" 162
"../../../Engine/Content/VREditor/UI/SelectionBarMesh.uasset" 163
"../../../Engine/Content/Functions/Engine_MaterialFunctions01/Gradient/RadialGradient.uasset" 164
"../../../Engine/Content/VREditor/WorldMovementGrid/SimpleGrid.uasset" 165
"../../../Engine/Content/VREditor/WorldMovementGrid/GridMaterial.uasset" 166
"../../../Engine/Content/Functions/Engine_MaterialFunctions01/Density/ExponentialDensity.uasset" 167
"../../../Engine/Content/VREditor/WorldMovementGrid/GridPostProcess.uasset" 168
"../../../Engine/Content/EditorLandscapeResources/FlattenHeightMat.uasset" 169
"../../../Engine/Content/VREditor/WorldMovementGrid/PlaneMesh.uasset" 170
"../../../FallingUpVR/Content/Textures/T_Cards.uasset" 171
"../../../FallingUpVR/Content/Blueprints/MemoryObjects/Cards_M.uasset" 172
"../../../FallingUpVR/Content/Blueprints/MemoryObjects/MemoryObject.uasset" 173
"../../../FallingUpVR/Content/Textures/T_StrawHat.uasset" 174
"../../../FallingUpVR/Content/Materials/M_StrawHat.uasset" 175
"../../../FallingUpVR/Content/Audio/Loren_Della_s_Cancer_Wav.uasset" 176
"../../../FallingUpVR/Content/Objects/HatBase.uasset" 177
"../../../FallingUpVR/Content/Blueprints/MemoryObjects/TractorPhoto.uasset" 178
"../../../FallingUpVR/Content/Blueprints/Player/CharacterController.uasset" 179
"../../../FallingUpVR/Content/Furniture/dot.uasset" 180
"../../../FallingUpVR/Content/Images/DellaBlurred.uasset" 181
"../../../FallingUpVR/Content/Materials/M_Della_Blurred.uasset" 182
"../../../FallingUpVR/Content/Furniture/EaselPlaceholder.uasset" 183
"../../../FallingUpVR/Content/Furniture/green_felt.uasset" 184
"../../../FallingUpVR/Content/Furniture/pocket.uasset" 185
"../../../FallingUpVR/Content/Furniture/poolball1.uasset" 186
"../../../FallingUpVR/Content/Furniture/poolball10.uasset" 187
"../../../FallingUpVR/Content/Furniture/poolball11.uasset" 188
"../../../FallingUpVR/Content/Furniture/poolball12.uasset" 189
"../../../FallingUpVR/Content/Furniture/poolball13.uasset" 190
"../../../FallingUpVR/Content/Furniture/poolball14.uasset" 191
"../../../FallingUpVR/Content/Furniture/poolball15.uasset" 192
"../../../FallingUpVR/Content/Furniture/poolball2.uasset" 193
"../../../FallingUpVR/Content/Furniture/poolball3.uasset" 194
"../../../FallingUpVR/Content/Furniture/poolball4.uasset" 195
"../../../FallingUpVR/Content/Furniture/poolball5.uasset" 196
"../../../FallingUpVR/Content/Furniture/poolball6.uasset" 197
"../../../FallingUpVR/Content/Furniture/poolball7.uasset" 198
"../../../FallingUpVR/Content/Furniture/poolball8.uasset" 199
"../../../FallingUpVR/Content/Furniture/poolball9.uasset" 200
"../../../FallingUpVR/Content/Furniture/PoolTable/dot2.uasset" 201
"../../../FallingUpVR/Content/Furniture/PoolTable/dot.uasset" 202
"../../../FallingUpVR/Content/Furniture/PoolTable/green.uasset" 203
"../../../FallingUpVR/Content/Furniture/PoolTable/green_felt.uasset" 204
"../../../FallingUpVR/Content/Furniture/PoolTable/pocket.uasset" 205
"../../../FallingUpVR/Content/Furniture/PoolTable/poolstick.uasset" 206
"../../../FallingUpVR/Content/Furniture/PoolTable/pool_stick_pattern.uasset" 207
"../../../FallingUpVR/Content/Furniture/PoolTable/poolb1.uasset" 208
"../../../FallingUpVR/Content/Furniture/PoolTable/poolball1.uasset" 209
"../../../FallingUpVR/Content/Furniture/PoolTable/poolb10.uasset" 210
"../../../FallingUpVR/Content/Furniture/PoolTable/poolball10.uasset" 211
"../../../FallingUpVR/Content/Furniture/PoolTable/poolb11.uasset" 212
"../../../FallingUpVR/Content/Furniture/PoolTable/poolball11.uasset" 213
"../../../FallingUpVR/Content/Furniture/PoolTable/poolb12.uasset" 214
"../../../FallingUpVR/Content/Furniture/PoolTable/poolball12.uasset" 215
"../../../FallingUpVR/Content/Furniture/PoolTable/poolb13.uasset" 216
"../../../FallingUpVR/Content/Furniture/PoolTable/poolball13.uasset" 217
"../../../FallingUpVR/Content/Furniture/PoolTable/poolb14.uasset" 218
"../../../FallingUpVR/Content/Furniture/PoolTable/poolball14.uasset" 219
"../../../FallingUpVR/Content/Furniture/PoolTable/poolb15.uasset" 220
"../../../FallingUpVR/Content/Furniture/PoolTable/poolball15.uasset" 221
"../../../FallingUpVR/Content/Furniture/PoolTable/poolb2.uasset" 222
"../../../FallingUpVR/Content/Furniture/PoolTable/poolball2.uasset" 223
"../../../FallingUpVR/Content/Furniture/PoolTable/poolb3.uasset" 224
"../../../FallingUpVR/Content/Furniture/PoolTable/poolball3.uasset" 225
"../../../FallingUpVR/Content/Furniture/PoolTable/poolb4.uasset" 226
"../../../FallingUpVR/Content/Furniture/PoolTable/poolball4.uasset" 227
"../../../FallingUpVR/Content/Furniture/PoolTable/poolb5.uasset" 228
"../../../FallingUpVR/Content/Furniture/PoolTable/poolball5.uasset" 229
"../../../FallingUpVR/Content/Furniture/PoolTable/poolb6.uasset" 230
"../../../FallingUpVR/Content/Furniture/PoolTable/poolball6.uasset" 231
"../../../FallingUpVR/Content/Furniture/PoolTable/poolb7.uasset" 232
"../../../FallingUpVR/Content/Furniture/PoolTable/poolball7.uasset" 233
"../../../FallingUpVR/Content/Furniture/PoolTable/poolb8.uasset" 234
"../../../FallingUpVR/Content/Furniture/PoolTable/poolball8.uasset" 235
"../../../FallingUpVR/Content/Furniture/PoolTable/poolb9.uasset" 236
"../../../FallingUpVR/Content/Furniture/PoolTable/poolball9.uasset" 237
"../../../FallingUpVR/Content/Furniture/PoolTable/Wood2.uasset" 238
"../../../FallingUpVR/Content/Furniture/PoolTable/top_board.uasset" 239
"../../../FallingUpVR/Content/Furniture/PoolTable/triangle_cue.uasset" 240
"../../../FallingUpVR/Content/Furniture/PoolTable/Wood1.uasset" 241
"../../../FallingUpVR/Content/Furniture/PoolTable/wood_.uasset" 242
"../../../FallingUpVR/Content/Furniture/PoolTable/wood_2.uasset" 243
"../../../FallingUpVR/Content/Furniture/PoolTable/wood_leg.uasset" 244
"../../../FallingUpVR/Content/Furniture/PoolTable.uasset" 245
"../../../FallingUpVR/Content/Furniture/pool_stick_pattern.uasset" 246
"../../../FallingUpVR/Content/Furniture/PoolTable/kids-celebration-clip-art-celebrate_Mat.uasset" 247
"../../../FallingUpVR/Content/Furniture/PoolTable/Material__33.uasset" 248
"../../../FallingUpVR/Content/Furniture/PoolTable/Material__40.uasset" 249
"../../../FallingUpVR/Content/Images/Posit1.uasset" 250
"../../../FallingUpVR/Content/Images/Posit4.uasset" 251
"../../../FallingUpVR/Content/Images/Front_Hall_Couch.uasset" 252
"../../../FallingUpVR/Content/Materials/M_Front_Hall_Couch.uasset" 253
"../../../FallingUpVR/Content/Images/Love.uasset" 254
"../../../FallingUpVR/Content/Materials/M_Love_You.uasset" 255
"../../../FallingUpVR/Content/Objects/Material.uasset" 256
"../../../FallingUpVR/Content/Objects/card_deck.uasset" 257
"../../../FallingUpVR/Content/Textures/TreePic.uasset" 258
"../../../FallingUpVR/Content/Textures/T_GroundGrass_N.uasset" 259
"../../../Engine/Plugins/2D/Paper2D/Content/DummySprite.uasset" 260
"../../../Engine/Plugins/2D/Paper2D/Content/DefaultPaperTerrainMaterial.uasset" 261
"../../../Engine/Plugins/2D/Paper2D/Content/DefaultSpriteMaterial.uasset" 262
"../../../Engine/Plugins/2D/Paper2D/Content/MaskedUnlitSpriteMaterial.uasset" 263
"../../../Engine/Plugins/2D/Paper2D/Content/OpaqueUnlitSpriteMaterial.uasset" 264
"../../../Engine/Plugins/2D/Paper2D/Content/PlaceholderTextures/DummySpriteTexture.uasset" 265
"../../../Engine/Content/EditorBlueprintResources/StandardMacros.uasset" 266
"../../../Engine/Content/EngineSky/C_Sky_Cloud_Color.uasset" 267
"../../../Engine/Content/EngineSky/C_Sky_Horizon_Color.uasset" 268
"../../../Engine/Content/EngineSky/C_Sky_Zenith_Color.uasset" 269
"../../../Engine/Content/EngineSky/T_Sky_Blue.uasset" 270
"../../../Engine/Content/EngineSky/T_Sky_Clouds_M.uasset" 271
"../../../Engine/Content/EngineSky/T_Sky_Stars.uasset" 272
"../../../Engine/Content/EngineSky/M_Sky_Panning_Clouds2.uasset" 273
"../../../Engine/Content/EngineSky/SM_SkySphere.uasset" 274
"../../../Engine/Content/EngineSky/BP_Sky_Sphere.uasset" 275
"../../../FallingUpVR/Content/MediaPlayer_Sound.uasset" 276
"../../../FallingUpVR/Content/MediaPlayer_Video.uasset" 277
"../../../FallingUpVR/Content/MediaPlayer.uasset" 278
"../../../FallingUpVR/Content/Widgets/VideoPlayer.uasset" 279
"../../../FallingUpVR/Content/Blueprints/Player/Player.uasset" 280
"../../../FallingUpVR/Content/Materials/M_Glass.uasset" 281
"../../../FallingUpVR/Content/Materials/M_Brown_Matte.uasset" 282
"../../../FallingUpVR/Content/Textures/T_Door_M.uasset" 283
"../../../FallingUpVR/Content/Textures/T_Door_N.uasset" 284
"../../../FallingUpVR/Content/Materials/M_Door.uasset" 285
"../../../FallingUpVR/Content/Architecture/Door.uasset" 286
"../../../FallingUpVR/Content/Architecture/Glass_Window.uasset" 287
"../../../FallingUpVR/Content/Blueprints/B_Door.uasset" 288
"../../../FallingUpVR/Content/Textures/T_GGBridge.uasset" 289
"../../../FallingUpVR/Content/Materials/M_GGBridge.uasset" 290
"../../../FallingUpVR/Content/Materials/M_Basic_Wall.uasset" 291
"../../../FallingUpVR/Content/Architecture/Shape_Plane.uasset" 292
"../../../FallingUpVR/Content/Audio/Bill_Golden_Gate_Wav.uasset" 293
"../../../FallingUpVR/Content/Blueprints/MemoryObjects/GGBridge.uasset" 294
"../../../FallingUpVR/Content/Blueprints/MemoryObjects/StrawHat.uasset" 295
"../../../FallingUpVR/Content/Materials/M_Black.uasset" 296
"../../../FallingUpVR/Content/Textures/T_TractorPic.uasset" 297
"../../../FallingUpVR/Content/Materials/M_TractorPic.uasset" 298
"../../../FallingUpVR/Content/Textures/T_Frame_M.uasset" 299
"../../../FallingUpVR/Content/Textures/T_Frame_N.uasset" 300
"../../../FallingUpVR/Content/Materials/M_Frame.uasset" 301
"../../../FallingUpVR/Content/Architecture/Window_Frame.uasset" 302
"../../../FallingUpVR/Content/Audio/TractorPhoto.uasset" 303
"../../../FallingUpVR/Content/Blueprints/MemoryObjects/Tractor.uasset" 304
"../../../FallingUpVR/Content/Maps/Apartment_BuiltData.uasset" 305
"../../../FallingUpVR/Content/Images/Birth_Certificate.uasset" 306
"../../../FallingUpVR/Content/Materials/M_Birth_Certificate.uasset" 307
"../../../FallingUpVR/Content/Materials/M_Board_White.uasset" 308
"../../../FallingUpVR/Content/Images/Burgundy.uasset" 309
"../../../FallingUpVR/Content/Materials/M_Burgundy.uasset" 310
"../../../FallingUpVR/Content/Images/cardboard.uasset" 311
"../../../FallingUpVR/Content/Materials/M_Cardboard.uasset" 312
"../../../FallingUpVR/Content/Images/Carpet1.uasset" 313
"../../../FallingUpVR/Content/Materials/M_Carpet1.uasset" 314
"../../../FallingUpVR/Content/Images/carpet2.uasset" 315
"../../../FallingUpVR/Content/Materials/M_Carpet2.uasset" 316
"../../../FallingUpVR/Content/Textures/T_Ceramic_Tile_M.uasset" 317
"../../../FallingUpVR/Content/Textures/T_Ceramic_Tile_N.uasset" 318
"../../../FallingUpVR/Content/Textures/T_Perlin_Noise_M.uasset" 319
"../../../FallingUpVR/Content/Textures/T_Rock_Marble_Polished_D.uasset" 320
"../../../FallingUpVR/Content/Materials/M_Ceramic_Tile_Checker.uasset" 321
"../../../FallingUpVR/Content/Textures/T_Concrete_Tiles_D.uasset" 322
"../../../FallingUpVR/Content/Textures/T_Concrete_Tiles_M.uasset" 323
"../../../FallingUpVR/Content/Textures/T_Concrete_Tiles_N.uasset" 324
"../../../FallingUpVR/Content/Textures/T_Concrete_Tiles_Variation_M.uasset" 325
"../../../FallingUpVR/Content/Textures/T_MacroVariation.uasset" 326
"../../../FallingUpVR/Content/Materials/M_Concrete_Tiles.uasset" 327
"../../../FallingUpVR/Content/Images/Gold.uasset" 328
"../../../FallingUpVR/Content/Materials/M_Gold.uasset" 329
"../../../FallingUpVR/Content/Materials/M_Metal_Chrome.uasset" 330
"../../../FallingUpVR/Content/Images/Postit1.uasset" 331
"../../../FallingUpVR/Content/Materials/M_Postit1.uasset" 332
"../../../FallingUpVR/Content/Images/Postit2.uasset" 333
"../../../FallingUpVR/Content/Materials/M_Postit2.uasset" 334
"../../../FallingUpVR/Content/Images/Postit3.uasset" 335
"../../../FallingUpVR/Content/Materials/M_Postit3.uasset" 336
"../../../FallingUpVR/Content/Images/Postit4.uasset" 337
"../../../FallingUpVR/Content/Materials/M_Postit4.uasset" 338
"../../../FallingUpVR/Content/Images/prescription.uasset" 339
"../../../FallingUpVR/Content/Materials/M_Prescription.uasset" 340
"../../../FallingUpVR/Content/Textures/T_Metal_Gold_N.uasset" 341
"../../../FallingUpVR/Content/Materials/M_Rock_Marble_Polished.uasset" 342
"../../../FallingUpVR/Content/Images/table.uasset" 343
"../../../FallingUpVR/Content/Materials/M_table.uasset" 344
"../../../FallingUpVR/Content/Images/wood.uasset" 345
"../../../FallingUpVR/Content/Materials/M_Wood.uasset" 346
"../../../FallingUpVR/Content/Textures/T_Wood_Pine_D.uasset" 347
"../../../FallingUpVR/Content/Textures/T_Wood_Pine_N.uasset" 348
"../../../FallingUpVR/Content/Materials/M_Wood_Pine.uasset" 349
"../../../FallingUpVR/Content/Textures/T_Wood_Walnut_D.uasset" 350
"../../../FallingUpVR/Content/Textures/T_Wood_Walnut_N.uasset" 351
"../../../FallingUpVR/Content/Materials/M_Wood_Walnut.uasset" 352
"../../../FallingUpVR/Content/Architecture/Door_Frame.uasset" 353
"../../../FallingUpVR/Content/Architecture/Shape_Pipe.uasset" 354
"../../../FallingUpVR/Content/Furniture/Bed.uasset" 355
"../../../FallingUpVR/Content/Furniture/Chair.uasset" 356
"../../../FallingUpVR/Content/Furniture/Chateau_Lyon.uasset" 357
"../../../FallingUpVR/Content/Furniture/CoffeeTable.uasset" 358
"../../../FallingUpVR/Content/Images/Couch_Maroon.uasset" 359
"../../../FallingUpVR/Content/Materials/M_Courch_Maroon.uasset" 360
"../../../FallingUpVR/Content/Furniture/Couch.uasset" 361
"../../../FallingUpVR/Content/Furniture/DecorativeTable.uasset" 362
"../../../FallingUpVR/Content/Furniture/KitchenLowerWardrobe.uasset" 363
"../../../FallingUpVR/Content/Furniture/KitchenUpperWardrobe.uasset" 364
"../../../FallingUpVR/Content/Furniture/Oven.uasset" 365
"../../../FallingUpVR/Content/Furniture/Refrigerator.uasset" 366
"../../../FallingUpVR/Content/Images/RugPrint.uasset" 367
"../../../FallingUpVR/Content/Materials/M_RugPrint.uasset" 368
"../../../FallingUpVR/Content/Furniture/Rug.uasset" 369
"../../../FallingUpVR/Content/Furniture/ShelvingUnit.uasset" 370
"../../../FallingUpVR/Content/Furniture/Shower.uasset" 371
"../../../FallingUpVR/Content/Furniture/Sink.uasset" 372
"../../../FallingUpVR/Content/Furniture/Table.uasset" 373
"../../../FallingUpVR/Content/Furniture/TelevisionTable.uasset" 374
"../../../FallingUpVR/Content/Furniture/Toilet.uasset" 375
"../../../FallingUpVR/Content/Images/AlexPhoto.uasset" 376
"../../../FallingUpVR/Content/Materials/M_Alex_Photo.uasset" 377
"../../../FallingUpVR/Content/Objects/Alex_Photo.uasset" 378
"../../../FallingUpVR/Content/Objects/Book.uasset" 379
"../../../FallingUpVR/Content/Objects/Bowl.uasset" 380
"../../../FallingUpVR/Content/Objects/Crumpled_Paper.uasset" 381
"../../../FallingUpVR/Content/Images/Map.uasset" 382
"../../../FallingUpVR/Content/Materials/M_map.uasset" 383
"../../../FallingUpVR/Content/Objects/Globe.uasset" 384
"../../../FallingUpVR/Content/Objects/Key.uasset" 385
"../../../FallingUpVR/Content/Images/finalletter.uasset" 386
"../../../FallingUpVR/Content/Materials/M_Last_Letter.uasset" 387
"../../../FallingUpVR/Content/Objects/Last_Letter.uasset" 388
"../../../FallingUpVR/Content/Images/DellaUnblurred.uasset" 389
"../../../FallingUpVR/Content/Materials/M_Della_Unblurred.uasset" 390
"../../../FallingUpVR/Content/Objects/Obit.uasset" 391
"../../../FallingUpVR/Content/Images/BillandRae.uasset" 392
"../../../FallingUpVR/Content/Materials/M_Older_Couple.uasset" 393
"../../../FallingUpVR/Content/Objects/Older_Couple.uasset" 394
"../../../FallingUpVR/Content/Objects/Opened_Book.uasset" 395
"../../../FallingUpVR/Content/Objects/Paper.uasset" 396
"../../../FallingUpVR/Content/Textures/Ground_Dirt_2k_alb.uasset" 397
"../../../FallingUpVR/Content/Textures/Ground_Dirt_2k_n.uasset" 398
"../../../FallingUpVR/Content/Textures/Ground_Dirt_2k_s.uasset" 399
"../../../FallingUpVR/Content/Textures/T_MacroVariation2.uasset" 400
"../../../FallingUpVR/Content/Materials/M_Ground_Dirt.uasset" 401
"../../../FallingUpVR/Content/Textures/T_Ground_Grass_D.uasset" 402
"../../../FallingUpVR/Content/Textures/T_Ground_Grass_N.uasset" 403
"../../../FallingUpVR/Content/Materials/M_Ground_Grass.uasset" 404
"../../../FallingUpVR/Content/Textures/Rock_HoleyWall_2k_alb2.uasset" 405
"../../../FallingUpVR/Content/Textures/Rock_HoleyWall_2k_ao.uasset" 406
"../../../FallingUpVR/Content/Textures/Rock_HoleyWall_2k_g.uasset" 407
"../../../FallingUpVR/Content/Textures/Rock_HoleyWall_2k_h.uasset" 408
"../../../FallingUpVR/Content/Textures/Rock_HoleyWall_2k_n.uasset" 409
"../../../FallingUpVR/Content/Materials/M_Rock_HoleyWall.uasset" 410
"../../../FallingUpVR/Content/Objects/Plant.uasset" 411
"../../../FallingUpVR/Content/Objects/Postit.uasset" 412
"../../../FallingUpVR/Content/Images/alex_and_isaak_blurr.uasset" 413
"../../../FallingUpVR/Content/Materials/M_Young_Couple.uasset" 414
"../../../FallingUpVR/Content/Objects/Young_Couple.uasset" 415
"../../../FallingUpVR/Content/Maps/Apartment.umap" 416
"../../../FallingUpVR/Content/Blueprints/FirstPerson.uasset" 417
"../../../Engine/Content/BasicShapes/Cube.uasset" 418
"../../../FallingUpVR/Content/Audio/Kay_Forgot_To_Pay_Wav.uasset" 419
"../../../FallingUpVR/Content/Blueprints/MemoryObjects/AccountsPayable.uasset" 420
"../../../FallingUpVR/Content/Movies/Cards.uasset" 421
"../../../Engine/Content/BasicShapes/BasicShapeMaterial.uasset" 422
"../../../FallingUpVR/Content/Materials/M_Cards.uasset" 423
"../../../FallingUpVR/Content/Blueprints/MemoryObjects/Cards.uasset" 424
"../../../FallingUpVR/Content/Movies/Horsepainting.uasset" 425
"../../../FallingUpVR/Content/Textures/T_Horsepainting.uasset" 426
"../../../FallingUpVR/Content/Materials/M_Horsepainting.uasset" 427
"../../../FallingUpVR/Content/Audio/HorsePainting.uasset" 428
"../../../FallingUpVR/Content/Blueprints/MemoryObjects/Horsepainting.uasset" 429
"../../../FallingUpVR/Content/Movies/Library.uasset" 430
"../../../FallingUpVR/Content/Blueprints/MemoryObjects/Library.uasset" 431
"../../../FallingUpVR/Content/Movies/Cueball.uasset" 432
"../../../FallingUpVR/Content/Furniture/PoolTable/PoolTable.uasset" 433
"../../../FallingUpVR/Content/Blueprints/MemoryObjects/PoolTable.uasset" 434
"../../../FallingUpVR/Content/Movies/TreePuzzle.uasset" 435
"../../../FallingUpVR/Content/Textures/T_TreePic.uasset" 436
"../../../FallingUpVR/Content/Materials/M_TreePic.uasset" 437
"../../../FallingUpVR/Content/Audio/TreePuzzle.uasset" 438
"../../../FallingUpVR/Content/Objects/blenderpuzzle.uasset" 439
"../../../FallingUpVR/Content/Blueprints/MemoryObjects/Puzzle.uasset" 440
"../../../FallingUpVR/Content/Resources/Grass_LayerInfo.uasset" 441
"../../../FallingUpVR/Content/Resources/Snow_LayerInfo.uasset" 442
"../../../FallingUpVR/Content/Resources/Soil_LayerInfo.uasset" 443
"../../../FallingUpVR/Content/Maps/GroundFloor_BuiltData.uasset" 444
"../../../FallingUpVR/Content/Textures/T_ForestGround_D.uasset" 445
"../../../FallingUpVR/Content/Textures/T_ForestGround_N.uasset" 446
"../../../FallingUpVR/Content/Textures/T_GroundGrass_D.uasset" 447
"../../../FallingUpVR/Content/Textures/T_Noise_N.uasset" 448
"../../../FallingUpVR/Content/Materials/M_Landscape.uasset" 449
"../../../Engine/Content/EngineMaterials/DefaultPhysicalMaterial.uasset" 450
"../../../FallingUpVR/Content/Architecture/Pillar.uasset" 451
"../../../FallingUpVR/Content/Furniture/EaselStand.uasset" 452
"../../../FallingUpVR/Content/Furniture/FrontDesk2Base.uasset" 453
"../../../FallingUpVR/Content/Furniture/FrontDeskBase.uasset" 454
"../../../FallingUpVR/Content/Furniture/FrontDeskMarble.uasset" 455
"../../../FallingUpVR/Content/Furniture/Mailbox.uasset" 456
"../../../FallingUpVR/Content/Fonts/Default.uasset" 457
"../../../FallingUpVR/Content/Fonts/Saint-Andrews_Queen.uasset" 458
"../../../FallingUpVR/Content/StartMenu/Instructions.uasset" 459
"../../../FallingUpVR/Content/StartMenu/StartMenu.uasset" 460
"../../../FallingUpVR/Content/Widgets/Start_VR.uasset" 461
"../../../FallingUpVR/Content/Maps/GroundFloor.umap" 462
"../../../Engine/Content/Maps/Entry.umap" 463
